<?xml version="1.0" encoding="UTF-8"?>
<!-- Generated by org.testng.reporters.JUnitXMLReporter -->
<testsuite hostname="aj-305E4A-305E5A-305E7A" ignored="0" name="Regression suite 1" tests="3" failures="0" timestamp="17 May 2017 07:59:49 GMT" time="64.198" errors="0">
  <testcase name="user" time="16.675" classname="Loginrun.PageloadTime"/>
  <testcase name="user" time="25.451" classname="Loginrun.valid"/>
  <testcase name="user" time="21.957" classname="Loginrun.Invaliduser"/>
</testsuite> <!-- Regression suite 1 -->
