<?xml version="1.0" encoding="UTF-8"?>
<testng-results skipped="0" failed="0" ignored="0" total="1" passed="1">
  <reporter-output>
  </reporter-output>
  <suite name="Default suite" duration-ms="41438" started-at="2017-05-17T13:54:39Z" finished-at="2017-05-17T13:55:20Z">
    <groups>
    </groups>
    <test name="Default test" duration-ms="41438" started-at="2017-05-17T13:54:39Z" finished-at="2017-05-17T13:55:20Z">
      <class name="Casesrun.Totalcasecount">
        <test-method status="PASS" signature="user()[pri:0, instance:Casesrun.Totalcasecount@46d56d67]" name="user" duration-ms="41149" started-at="2017-05-17T19:24:39Z" finished-at="2017-05-17T19:25:20Z">
          <reporter-output>
          </reporter-output>
        </test-method> <!-- user -->
      </class> <!-- Casesrun.Totalcasecount -->
    </test> <!-- Default test -->
  </suite> <!-- Default suite -->
</testng-results>
