<?xml version="1.0" encoding="UTF-8"?>
<testng-results skipped="0" failed="0" ignored="0" total="1" passed="1">
  <reporter-output>
  </reporter-output>
  <suite name="Default suite" duration-ms="20071" started-at="2017-05-16T12:12:52Z" finished-at="2017-05-16T12:13:12Z">
    <groups>
    </groups>
    <test name="Default test" duration-ms="20071" started-at="2017-05-16T12:12:52Z" finished-at="2017-05-16T12:13:12Z">
      <class name="Dashboard.Pendingcases">
        <test-method status="PASS" signature="user()[pri:0, instance:Dashboard.Pendingcases@224edc67]" name="user" duration-ms="19968" started-at="2017-05-16T17:42:52Z" finished-at="2017-05-16T17:43:12Z">
          <reporter-output>
          </reporter-output>
        </test-method> <!-- user -->
      </class> <!-- Dashboard.Pendingcases -->
    </test> <!-- Default test -->
  </suite> <!-- Default suite -->
</testng-results>
